+---------------------------------------------------------------------+
|  Log file: mau.characterize.log                                     |
|  Compiler version: 9.13.3 (7de9294)                                 |
|  Created on: Thu Nov  7 21:54:56 2024                               |
|  Run ID: 9a47cfce075f45f7                                           |
+---------------------------------------------------------------------+

Match+Action Resource Usage
----------------------------------------------------------------------------------------------------------------------------------------------------------------------------------------------------------------------------------------------------------------------------------------------------------------------------
|              1               |    2    |   3    |    4    |  5   |        6        |   7   |          8          |      9      |    10   |   11  |          12         |      13      |      14     |      15     |   16   |      17     |      18      |      19      |       20      |       21       |       22      |
|            Table             |   Dir   | Stage  |    P4   | Mem  |      Total      | Total |        Table        |    Match    |   TCAM  |  SRAM |        Match        |     Imm.     |     TCAM    |     SRAM    |   P4   |    Action   |    Ideal     |    Actual    |      TCAM     |      SRAM      |      SRAM     |
|             Name             |         |        |  Lookup | Type |      SRAMs      | TCAMs |       Entries       |     Bits    |  Over-  | Over- |       Overhead      |    Action    |     Bits    |     Bits    | Action |     Bits    |    Match     |    Match     |     Match     |     Match      |     Action    |
|                              |         |        | Type(s) |      | TOT(M/A/S/MT/I) |       |      Requested      |     Per     |   head  |  head |      Structure      |     Data     |     Per     |     Per     |  Bits  |     Per     |   Entries-   |   Entries-   |    Packing    |    Packing     |    Packing    |
|                              |         |        |         |      |     (legend     |       |          /          |    Entry    |   Bits  |  Bits | NT/AI/AD/M/S/SL/V/I |      in      |    Entry    |    Entry    |        |    Entry    |    Number    |    Number    |      Eff.     |      Eff.      |      Eff.     |
|                              |         |        |         |      |      below)     |       |      Allocated      |  R/A(diff)  |   Per   |  Per  |       (legend       |   Overhead   |  R/A(diff)  |  R/A(diff)  |        |  R/A(diff)  |     Per      |     Per      |     Ideal/    |     Ideal/     |     Ideal/    |
|                              |         |        |         |      |                 |       |        (diff)       |             |  Entry  | Entry |        below)       |  R/A(diff)   |             |             |        |             |    Memory    |    Memory    |     Actual    |     Actual     |     Actual    |
|                              |         |        |         |      |                 |       |                     |             | ver/vld |       |                     |              |             |             |        |             |    Units     |    Units     |               |                |               |
|                              |         |        |         |      |                 |       |                     |             |         |       |                     |              |             |             |        |             |    (bits)    |    (bits)    |               |                |               |
----------------------------------------------------------------------------------------------------------------------------------------------------------------------------------------------------------------------------------------------------------------------------------------------------------------------------
| IngressParser.$PORT_METADATA | ingress | parser |  exact  | buf  |  0 (0/0/0/0/0)  |   0   |    288 / 288 (0)    |  9 / 0 (-9) |    0    |   0   |   0/0/0/0/0/0/0/0   | 64 / 0 (-64) |  0 / 0 (0)  |  0 / 0 (0)  |   64   |  0 / 0 (0)  | 1 in 2 (128) | 1 in 1 (64)  |     - / -     |     - / -      |     - / -     |
|                              |         |        |         |      |                 |       |                     |             |         |       |                     |              |             |             |        |             |              |              |               |                |               |
|       Ingress.m_meter        | ingress |   0    |  exact  | sram |  6 (4/0/0/2/0)  |   0   | 256 / 12288 (12032) | 32 / 34 (2) |    0    |   4   |   0/0/0/0/0/0/4/0   |  0 / 0 (0)   |  0 / 0 (0)  | 36 / 38 (2) |   8    |  0 / 0 (0)  | 4 in 1 (128) | 3 in 1 (128) |     - / -     | 100.0% / 51.6% |     - / -     |
|        stage 0 totals        |    -    |   -    |    -    |  -   |  6 (4/0/0/2/0)  |   0   |          -          |      -      |    -    |   -   |          -          |      -       |      -      |      -      |   -    |      -      |      -       |      -       |       -       |       -        |       -       |
|                              |         |        |         |      |                 |       |                     |             |         |       |                     |              |             |             |        |             |              |              |               |                |               |
|       Ingress.m_filter       | ingress |   1    |  exact  | sram |  1 (1/0/0/0/0)  |   0   |   8 / 5120 (5112)   |  8 / 1 (-7) |    0    |   4   |   0/0/0/0/0/0/4/0   |  0 / 0 (0)   |  0 / 0 (0)  | 12 / 5 (-7) |   0    |  0 / 0 (0)  | 5 in 1 (128) | 5 in 1 (128) |     - / -     |  31.2% / 0.0%  |     - / -     |
|        stage 1 totals        |    -    |   -    |    -    |  -   |  1 (1/0/0/0/0)  |   0   |          -          |      -      |    -    |   -   |          -          |      -       |      -      |      -      |   -    |      -      |      -       |      -       |       -       |       -        |       -       |
|                              |         |        |         |      |                 |       |                     |             |         |       |                     |              |             |             |        |             |              |              |               |                |               |
|       Ingress.ipv4_lpm       | ingress |   2    |   lpm   | tcam |  3 (0/2/0/0/1)  |   8   |   4096 / 4096 (0)   | 32 / 32 (0) |    0    |   0   |   0/0/0/0/0/0/0/0   |  0 / 0 (0)   | 36 / 44 (8) |  0 / 4 (4)  |   57   | 57 / 64 (7) | 1 in 1 (44)  | 1 in 1 (44)  | 72.7% / 72.7% |     - / -      | 89.1% / 89.1% |
|        stage 2 totals        |    -    |   -    |    -    |  -   |  3 (0/2/0/0/1)  |   8   |          -          |      -      |    -    |   -   |          -          |      -       |      -      |      -      |   -    |      -      |      -       |      -       |       -       |       -        |       -       |
|                              |         |        |         |      |                 |       |                     |             |         |       |                     |              |             |             |        |             |              |              |               |                |               |
|   overall totals (ingress)   |    -    |   -    |    -    |  -   |  10 (5/2/0/2/1) |   8   |          -          |      -      |    -    |   -   |          -          |      -       |      -      |      -      |   -    |      -      |      -       |      -       |       -       |       -        |       -       |
|                              |         |        |         |      |                 |       |                     |             |         |       |                     |              |             |             |        |             |              |              |               |                |               |
|   overall totals (egress)    |    -    |   -    |    -    |  -   |  0 (0/0/0/0/0)  |   0   |          -          |      -      |    -    |   -   |          -          |      -       |      -      |      -      |   -    |      -      |      -       |      -       |       -       |       -        |       -       |
|                              |         |        |         |      |                 |       |                     |             |         |       |                     |              |             |             |        |             |              |              |               |                |               |
|        overall totals        |    -    |   -    |    -    |  -   |  10 (5/2/0/2/1) |   8   |          -          |      -      |    -    |   -   |          -          |      -       |      -      |      -      |   -    |      -      |      -       |      -       |       -       |       -        |       -       |
----------------------------------------------------------------------------------------------------------------------------------------------------------------------------------------------------------------------------------------------------------------------------------------------------------------------------

Total SRAMs Legend:
TOT (M/A/S/MT/I)
TOT = Total
M = Match
A = Action
S = Statistics
MT = Meter / Stateful / Selection
I = Ternary Indirection

Match Overhead Structure Legend:
NT/AI/AD/M/S/SL/V/I
NT = Next Table Pointer
AI = Action Instruction Pointer
AD = Action Data Pointer
M = Meter/Selection/Stateful Pointer
S = Statistics Pointer
SL = Selection Length
V = Entry Version
I = Immediate Action Data





+----------------------------------------------------------------+
    OVERHEAD STRUCTURES
+----------------------------------------------------------------+

+----------------------------------------------------------------+
   Ingress.ipv4_lpm
+----------------------------------------------------------------+
Match Overhead:

  Total bits: 0
+----------------------------------------------------------------+
   Ingress.m_filter
+----------------------------------------------------------------+
Match Overhead:
  Field --version_valid-- [3:0] (4 bits)

  Total bits: 4
+----------------------------------------------------------------+
   Ingress.m_meter
+----------------------------------------------------------------+
Match Overhead:
  Field --version_valid-- [3:0] (4 bits)

  Total bits: 4
+----------------------------------------------------------------+
   IngressParser.$PORT_METADATA
+----------------------------------------------------------------+
Match Overhead:

  Total bits: 0





+----------------------------------------------------------------+
    MATCH AND ACTION FORMATS
+----------------------------------------------------------------+

+----------------------------------------------------------------+
  Ingress.ipv4_lpm
+----------------------------------------------------------------+
+------------------------------------------------+
   Match format for Ingress.ipv4_lpm
+------------------------------------------------+
Stage 2:
Pack Format:
  table_word_width: 44
  memory_word_width: 44
  entries_per_table_word: 1
  number_memory_units_per_table_word: 1
  entry_list: [
    entry_number : 0
    field_list : [
       Field --version-- [1:0]         : in bits [43:42]
       Field hdr.ipv4.dstAddr [31:0]   : in bits [31:0]
    ]
  ]

Action Ingress.drop
---------------------------
Pack Format:
  table_word_width: 128
  memory_word_width: 128
  entries_per_table_word: 2
  number_memory_units_per_table_word: 1
  entry_list: [
    entry_number : 1
    field_list : [
       Field --padding_0_63-- [63:0]   : in bits [127:64]
    ]
    entry_number : 0
    field_list : [
       Field --padding_0_63-- [63:0]   : in bits [63:0]
    ]
  ]

Action data bus usage:
Stage: 2
No action parameter mapping provided.  Action data bus usage will not be displayed.

Action Ingress.ipv4_forward
---------------------------
Pack Format:
  table_word_width: 128
  memory_word_width: 128
  entries_per_table_word: 2
  number_memory_units_per_table_word: 1
  entry_list: [
    entry_number : 1
    field_list : [
       Field port [8:0]               : in bits [72:64]
       Field dstAddr [47:32]          : in bits [95:80]
       Field dstAddr [31:0]           : in bits [127:96]
       Field --padding_9_15-- [6:0]   : in bits [79:73]
    ]
    entry_number : 0
    field_list : [
       Field port [8:0]               : in bits [8:0]
       Field dstAddr [47:32]          : in bits [31:16]
       Field dstAddr [31:0]           : in bits [63:32]
       Field --padding_9_15-- [6:0]   : in bits [15:9]
    ]
  ]

Action data bus usage:
Stage: 2
No action parameter mapping provided.  Action data bus usage will not be displayed.

Action NoAction
---------------------------
Pack Format:
  table_word_width: 128
  memory_word_width: 128
  entries_per_table_word: 2
  number_memory_units_per_table_word: 1
  entry_list: [
    entry_number : 1
    field_list : [
       Field --padding_0_63-- [63:0]   : in bits [127:64]
    ]
    entry_number : 0
    field_list : [
       Field --padding_0_63-- [63:0]   : in bits [63:0]
    ]
  ]

Action data bus usage:
Stage: 2
No action parameter mapping provided.  Action data bus usage will not be displayed.
+----------------------------------------------------------------+
  Ingress.m_filter
+----------------------------------------------------------------+
+------------------------------------------------+
   Match format for Ingress.m_filter
+------------------------------------------------+
Stage 1:
Pack Format:
  table_word_width: 128
  memory_word_width: 128
  entries_per_table_word: 5
  number_memory_units_per_table_word: 1
  entry_list: [
    entry_number : 4
    field_list : [
       Field action [0:0]    : in bits [4:4]
       Field version [3:0]   : in bits [11:8]
    ]
    entry_number : 3
    field_list : [
       Field action [0:0]    : in bits [3:3]
       Field version [3:0]   : in bits [127:124]
    ]
    entry_number : 2
    field_list : [
       Field action [0:0]    : in bits [2:2]
       Field version [3:0]   : in bits [123:120]
    ]
    entry_number : 1
    field_list : [
       Field action [0:0]    : in bits [1:1]
       Field version [3:0]   : in bits [119:116]
    ]
    entry_number : 0
    field_list : [
       Field action [0:0]    : in bits [0:0]
       Field version [3:0]   : in bits [115:112]
    ]
  ]
+----------------------------------------------------------------+
  Ingress.m_meter
+----------------------------------------------------------------+
+------------------------------------------------+
   Match format for Ingress.m_meter
+------------------------------------------------+
Stage 0:
Pack Format:
  table_word_width: 128
  memory_word_width: 128
  entries_per_table_word: 3
  number_memory_units_per_table_word: 1
  entry_list: [
    entry_number : 2
    field_list : [
       Field action [0:0]               : in bits [2:2]
       Field version [3:0]              : in bits [123:120]
       Field meter_addr [16:7]          : in bits [34:25]
       Field meter_pfe [23:23]          : in bits [35:35]
       Field hdr.ipv4.srcAddr [15:10]   : in bits [111:106]
       Field hdr.ipv4.srcAddr [23:16]   : in bits [95:88]
       Field hdr.ipv4.srcAddr [31:24]   : in bits [103:96]
    ]
    entry_number : 1
    field_list : [
       Field action [0:0]               : in bits [1:1]
       Field version [3:0]              : in bits [119:116]
       Field meter_addr [16:7]          : in bits [23:14]
       Field meter_pfe [23:23]          : in bits [24:24]
       Field hdr.ipv4.srcAddr [15:10]   : in bits [87:82]
       Field hdr.ipv4.srcAddr [23:16]   : in bits [71:64]
       Field hdr.ipv4.srcAddr [31:24]   : in bits [79:72]
    ]
    entry_number : 0
    field_list : [
       Field action [0:0]               : in bits [0:0]
       Field version [3:0]              : in bits [115:112]
       Field meter_addr [16:7]          : in bits [12:3]
       Field meter_pfe [23:23]          : in bits [13:13]
       Field hdr.ipv4.srcAddr [15:10]   : in bits [63:58]
       Field hdr.ipv4.srcAddr [23:16]   : in bits [47:40]
       Field hdr.ipv4.srcAddr [31:24]   : in bits [55:48]
    ]
  ]
+----------------------------------------------------------------+
  IngressParser.$PORT_METADATA
+----------------------------------------------------------------+
+------------------------------------------------+
   Match format for IngressParser.$PORT_METADATA
+------------------------------------------------+
Stage -1:
Pack Format:
  table_word_width: 64
  memory_word_width: 64
  entries_per_table_word: 1
  number_memory_units_per_table_word: 1
  entry_list: [
    entry_number : 0
    field_list : [
       Field ig_intr_md [63:0]   : in bits [63:0]
    ]
  ]
