Parser Characterization Report:
Number of states on ingress: 11

Number of matches on ingress: 20

Longest path (8 states) on ingress:
    $init_match
    $entry_point.start
    TofinoIngressParser_parse_port_metadata
    parse_vlan
    parse_ipv4
    parse_ipv4.$split_0
    parse_tcp
    parse_tcp.$split_0

Shortest path (2 states) on ingress:
    $init_match
    $entry_point.start

Average rate: 9.125 Bps
Min packet size at 100 Gbps: 82 B (9 B payload)
Max data rate for min-sized packets: 89.06 Gbps / 152.5 MPps

Extractor usage:
+-----------------------------------------+------------+-------+--------+--------+------------------+-------+
|State                                    |Match       |8-bit  |16-bit  |32-bit  |Total Extractors  |Other  |
+-----------------------------------------+------------+-------+--------+--------+------------------+-------+
|$init_match                              |*           |0      |0       |0       |0                 |       |
|$entry_point.start                       |0b1*******  |0      |0       |0       |0                 |       |
|-                                        |0b0*******  |0      |0       |0       |0                 |       |
|TofinoIngressParser_parse_port_metadata  |0x8100      |3      |2       |2       |7                 |       |
|-                                        |0x0800      |3      |2       |2       |7                 |       |
|-                                        |0x86dd      |3      |2       |2       |7                 |       |
|-                                        |0x****      |3      |2       |2       |7                 |       |
|parse_ipv6                               |*           |4      |4       |4       |12                |       |
|parse_ipv6.$split_0                      |0x06        |1      |2       |2       |5                 |       |
|-                                        |0x11        |1      |2       |2       |5                 |       |
|-                                        |0x**        |1      |2       |2       |5                 |       |
|parse_vlan                               |0x0800      |1      |0       |1       |2                 |       |
|-                                        |0x****      |1      |0       |1       |2                 |       |
|parse_ipv4                               |*           |3      |0       |4       |7                 |       |
|parse_ipv4.$split_0                      |0x06        |0      |0       |1       |1                 |       |
|-                                        |0x11        |0      |0       |1       |1                 |       |
|-                                        |0x**        |0      |0       |1       |1                 |       |
|parse_udp                                |*           |1      |2       |1       |4                 |       |
|parse_tcp                                |*           |1      |4       |2       |7                 |       |
|parse_tcp.$split_0                       |*           |0      |2       |0       |2                 |       |
+-----------------------------------------+------------+-------+--------+--------+------------------+-------+
Number of states on egress: 6

Number of matches on egress: 10

Longest path (6 states) on egress:
    $entry_point.start.min_parse_depth_accept_initial
    $entry_point.start.min_parse_depth_accept_initial.$ctr_stall0
    $entry_point.start.min_parse_depth_accept_initial.$split_0
    min_parse_depth_accept_loop.$split_0
    min_parse_depth_accept_loop.$it1.$split_0
    min_parse_depth_accept_loop.$it2.$split_0

Shortest path (3 states) on egress:
    $entry_point.start.min_parse_depth_accept_initial
    $entry_point.start.min_parse_depth_accept_initial.$ctr_stall0
    $entry_point.start.min_parse_depth_accept_initial.$split_0

Timing is met for min-sized packet (73 B) running at 100 Gbps

Extractor usage:
+---------------------------------------------------------------+-------+-------+--------+--------+------------------+-------+
|State                                                          |Match  |8-bit  |16-bit  |32-bit  |Total Extractors  |Other  |
+---------------------------------------------------------------+-------+-------+--------+--------+------------------+-------+
|$entry_point.start.min_parse_depth_accept_initial              |*      |0      |1       |0       |1                 |       |
|$entry_point.start.min_parse_depth_accept_initial.$ctr_stall0  |*      |0      |0       |0       |0                 |       |
|$entry_point.start.min_parse_depth_accept_initial.$split_0     |0x0    |2      |1       |2       |5                 |       |
|-                                                              |0b**   |0      |0       |0       |0                 |       |
|min_parse_depth_accept_loop.$split_0                           |0x0    |2      |1       |2       |5                 |       |
|-                                                              |0b**   |0      |0       |0       |0                 |       |
|min_parse_depth_accept_loop.$it1.$split_0                      |0x0    |2      |4       |0       |6                 |       |
|-                                                              |0b**   |0      |0       |0       |0                 |       |
|min_parse_depth_accept_loop.$it2.$split_0                      |0x0    |2      |4       |1       |7                 |       |
|-                                                              |0b**   |0      |1       |0       |1                 |       |
+---------------------------------------------------------------+-------+-------+--------+--------+------------------+-------+
