:11-07 16:07:47.886082:    PORT UP asic 0 port 1
:11-07 16:07:47.886145:    PORT UP asic 0 port 2
:11-07 16:07:47.886192:    PORT UP asic 0 port 3
:11-07 16:07:47.886324:    Setting logging fn
:11-07 16:07:47.886340:    Registering handler for tx
:11-07 16:07:47.889308:    :-:-:<0,-,0>:Waiting for packets to process
:11-07 16:07:47.931617:     Updating model log flags: clearing 0xffffffff ffffffff, setting 0x00000000 0000000f
:11-07 16:07:47.943253:    :-:-:<0,0,0>:Updating p4 log flags: clearing 0xffffffff ffffffff, setting 0x00000000 0000007f
:11-07 16:07:47.957046:    :-:-:<0,0,0>:Updating tofino log flags: clearing 0xffffffff ffffffff, setting 0x00000000 0000007f
:11-07 16:07:47.965880:    :-:-:<0,0,0>:Updating packet log flags: clearing 0xffffffff ffffffff, setting 0x00000000 0000007f
:11-07 16:07:48.298898:    :-:-:<0,0,->:LearningFilter::clear : Excessive clearing of filter 1 !!! Nothing to clear
:11-07 16:07:48.299036:    :-:-:<0,0,->:LearningFilter::clear : Excessive clearing of filter 1 !!! Nothing to clear
:11-07 16:07:48.300148:    :-:-:<0,1,->:LearningFilter::clear : Excessive clearing of filter 1 !!! Nothing to clear
:11-07 16:07:48.300246:    :-:-:<0,1,->:LearningFilter::clear : Excessive clearing of filter 1 !!! Nothing to clear
:11-07 16:07:48.301377:    :-:-:<0,2,->:LearningFilter::clear : Excessive clearing of filter 1 !!! Nothing to clear
:11-07 16:07:48.301488:    :-:-:<0,2,->:LearningFilter::clear : Excessive clearing of filter 1 !!! Nothing to clear
:11-07 16:07:48.302572:    :-:-:<0,3,->:LearningFilter::clear : Excessive clearing of filter 1 !!! Nothing to clear
:11-07 16:07:48.302668:    :-:-:<0,3,->:LearningFilter::clear : Excessive clearing of filter 1 !!! Nothing to clear
:11-07 21:20:20.882732:    PORT DOWN asic 0 port 1
:11-07 21:20:20.986138:    PORT DOWN asic 0 port 2
:11-07 21:20:21.088793:    PORT DOWN asic 0 port 3
