Using SDE /home/p4/mysde/bf-sde-9.13.3
Using SDE_INSTALL /home/p4/mysde/bf-sde-9.13.3/install
Model using test directory: 
Model using port info file: /tmp/ports_s1.json
Using SDE_DEPENDENCIES /home/p4/mysde/bf-sde-9.13.3/install
Using PATH /home/p4/mysde/bf-sde-9.13.3/install/bin:/usr/local/sbin:/usr/local/bin:/usr/sbin:/usr/bin:/sbin:/bin:/snap/bin
Using LD_LIBRARY_PATH /home/p4/mysde/bf-sde-9.13.3/install/lib:/home/p4/mysde/bf-sde-9.13.3/install/lib::/usr/local/lib
sudo: unable to resolve host p4-studio: Temporary failure in name resolution
 PRIVS: Eff=0x00000000 Perm=0x00002006 Inh=0x00000000
Performing preliminary checks on config file
Opening p4 target config file '/home/p4/mysde/bf-sde-9.13.3/install/share/p4/targets/tofino/meter.conf' ...
Loaded p4 target config file
 Package size 1
 No of Chips is 1
 Of-Port info file is /tmp/ports_s1.json
Chip part revision number is 1
 No of Packages is 1
Chip 0 SKU: defaulting to BFN77110
Chip 0 SKU setting: sku 0 pipe mode 0
Chip 0 Physical pipes enabled bitmap 0xf 
Opening /tmp/ports_s1.json '/tmp/ports_s1.json' ...
Loaded /tmp/ports_s1.json
Adding interface s1-eth1 as port 1
Mapping phy_dev_port 1 (log_dev_port 1) to s1-eth1
Adding interface s1-eth2 as port 2
Mapping phy_dev_port 2 (log_dev_port 2) to s1-eth2
Adding interface s1-eth3 as port 3
Mapping phy_dev_port 3 (log_dev_port 3) to s1-eth3
Simulation target: Asic Model
Using TCP port range: 8001-8004
Listen socket created
bind done on port 8001. Listening..
Waiting for incoming connections...
CLI listening on port 8000
Connection accepted on port 8001
Client socket created
Connected on port 8002
INFO: DRU sim MTI initialized successfully
 EFUSE:Idx 0, sku 0, pipe_mode is 0, pipes_en_bmp 0xf, model-val 0x0 
Tofino Verification Model - Version 0dbd5dc-dirty
Created 1 packet processing threads
LOGS captured in: ./model_20241107_215500.log
:11-07 21:55:02.565421:    PORT UP asic 0 port 1
:11-07 21:55:02.565465:    PORT UP asic 0 port 2
:11-07 21:55:02.565481:    PORT UP asic 0 port 3
LOGS captured in: ./model_20241107_215500.log
:11-07 21:55:02.565876:    Setting logging fn
:11-07 21:55:02.565904:    Registering handler for tx
Opening p4 target config file '/home/p4/mysde/bf-sde-9.13.3/install/share/p4/targets/tofino/meter.conf' ...
Loaded p4 target config file
Device 0: Pipe 0: loading P4 name lookup file share/tofinopd/meter/pipe/context.json found in /home/p4/mysde/bf-sde-9.13.3/install/share/p4/targets/tofino/meter.conf
Opening context file '/home/p4/mysde/bf-sde-9.13.3/install/share/tofinopd/meter/pipe/context.json' ...
Loaded context file
Device 0: Pipe 1: loading P4 name lookup file share/tofinopd/meter/pipe/context.json found in /home/p4/mysde/bf-sde-9.13.3/install/share/p4/targets/tofino/meter.conf
Opening context file '/home/p4/mysde/bf-sde-9.13.3/install/share/tofinopd/meter/pipe/context.json' ...
Loaded context file
Device 0: Pipe 2: loading P4 name lookup file share/tofinopd/meter/pipe/context.json found in /home/p4/mysde/bf-sde-9.13.3/install/share/p4/targets/tofino/meter.conf
Opening context file '/home/p4/mysde/bf-sde-9.13.3/install/share/tofinopd/meter/pipe/context.json' ...
:11-07 21:55:02.578665:    :-:-:<0,-,0>:Waiting for packets to process
Loaded context file
Device 0: Pipe 3: loading P4 name lookup file share/tofinopd/meter/pipe/context.json found in /home/p4/mysde/bf-sde-9.13.3/install/share/p4/targets/tofino/meter.conf
Opening context file '/home/p4/mysde/bf-sde-9.13.3/install/share/tofinopd/meter/pipe/context.json' ...
Loaded context file
:11-07 21:55:02.594556:     Updating model log flags: clearing 0xffffffff ffffffff, setting 0x00000000 0000000f
:11-07 21:55:02.603303:    :-:-:<0,0,0>:Updating p4 log flags: clearing 0xffffffff ffffffff, setting 0x00000000 0000007f
:11-07 21:55:02.606501:    :-:-:<0,0,0>:Updating tofino log flags: clearing 0xffffffff ffffffff, setting 0x00000000 0000007f
:11-07 21:55:02.609511:    :-:-:<0,0,0>:Updating packet log flags: clearing 0xffffffff ffffffff, setting 0x00000000 0000007f
Dropping excess privileges...
:11-07 21:55:02.776877:    :-:-:<0,0,->:LearningFilter::clear : Excessive clearing of filter 1 !!! Nothing to clear
:11-07 21:55:02.776979:    :-:-:<0,0,->:LearningFilter::clear : Excessive clearing of filter 1 !!! Nothing to clear
:11-07 21:55:02.777711:    :-:-:<0,1,->:LearningFilter::clear : Excessive clearing of filter 1 !!! Nothing to clear
:11-07 21:55:02.777874:    :-:-:<0,1,->:LearningFilter::clear : Excessive clearing of filter 1 !!! Nothing to clear
:11-07 21:55:02.778708:    :-:-:<0,2,->:LearningFilter::clear : Excessive clearing of filter 1 !!! Nothing to clear
:11-07 21:55:02.778804:    :-:-:<0,2,->:LearningFilter::clear : Excessive clearing of filter 1 !!! Nothing to clear
:11-07 21:55:02.779580:    :-:-:<0,3,->:LearningFilter::clear : Excessive clearing of filter 1 !!! Nothing to clear
:11-07 21:55:02.779703:    :-:-:<0,3,->:LearningFilter::clear : Excessive clearing of filter 1 !!! Nothing to clear
